Grammar with 38 rules and 42 symbols (18 non-terminals):
P' ⇒ P 
P ⇒ inicio V A 
V ⇒ varinicio LV 
LV ⇒ D LV 
LV ⇒ varfim pt_v 
D ⇒ TIPO L pt_v 
L ⇒ id vir L 
L ⇒ id 
TIPO ⇒ inteiro 
TIPO ⇒ real 
TIPO ⇒ literal 
A ⇒ ES A 
A ⇒ CMD A 
A ⇒ COND A 
A ⇒ R A 
A ⇒ fim 
ES ⇒ leia id pt_v 
ES ⇒ escreva ARG pt_v 
ARG ⇒ lit 
ARG ⇒ num 
ARG ⇒ id 
CMD ⇒ id rcb LD pt_v 
LD ⇒ OPRD opm OPRD 
LD ⇒ OPRD 
OPRD ⇒ id 
OPRD ⇒ num 
COND ⇒ CAB CP 
CAB ⇒ se ( EXP_R ) entao 
EXP_R ⇒ OPRD opr OPRD 
CP ⇒ ES CP 
CP ⇒ CMD CP 
CP ⇒ COND CP 
CP ⇒ fimse 
R ⇒ repita ( EXP_R ) CP_R 
CP_R ⇒ ES CP_R 
CP_R ⇒ CMD CP_R 
CP_R ⇒ COND CP_R 
CP_R ⇒ fimrepita 

LR0 item set:
P' ⇒ • P 
P' ⇒ P • 
P ⇒ • inicio V A 
P ⇒ inicio • V A 
P ⇒ inicio V • A 
P ⇒ inicio V A • 
V ⇒ • varinicio LV 
V ⇒ varinicio • LV 
V ⇒ varinicio LV • 
LV ⇒ • D LV 
LV ⇒ D • LV 
LV ⇒ D LV • 
LV ⇒ • varfim pt_v 
LV ⇒ varfim • pt_v 
LV ⇒ varfim pt_v • 
D ⇒ • TIPO L pt_v 
D ⇒ TIPO • L pt_v 
D ⇒ TIPO L • pt_v 
D ⇒ TIPO L pt_v • 
L ⇒ • id vir L 
L ⇒ id • vir L 
L ⇒ id vir • L 
L ⇒ id vir L • 
L ⇒ • id 
L ⇒ id • 
TIPO ⇒ • inteiro 
TIPO ⇒ inteiro • 
TIPO ⇒ • real 
TIPO ⇒ real • 
TIPO ⇒ • literal 
TIPO ⇒ literal • 
A ⇒ • ES A 
A ⇒ ES • A 
A ⇒ ES A • 
A ⇒ • CMD A 
A ⇒ CMD • A 
A ⇒ CMD A • 
A ⇒ • COND A 
A ⇒ COND • A 
A ⇒ COND A • 
A ⇒ • R A 
A ⇒ R • A 
A ⇒ R A • 
A ⇒ • fim 
A ⇒ fim • 
ES ⇒ • leia id pt_v 
ES ⇒ leia • id pt_v 
ES ⇒ leia id • pt_v 
ES ⇒ leia id pt_v • 
ES ⇒ • escreva ARG pt_v 
ES ⇒ escreva • ARG pt_v 
ES ⇒ escreva ARG • pt_v 
ES ⇒ escreva ARG pt_v • 
ARG ⇒ • lit 
ARG ⇒ lit • 
ARG ⇒ • num 
ARG ⇒ num • 
ARG ⇒ • id 
ARG ⇒ id • 
CMD ⇒ • id rcb LD pt_v 
CMD ⇒ id • rcb LD pt_v 
CMD ⇒ id rcb • LD pt_v 
CMD ⇒ id rcb LD • pt_v 
CMD ⇒ id rcb LD pt_v • 
LD ⇒ • OPRD opm OPRD 
LD ⇒ OPRD • opm OPRD 
LD ⇒ OPRD opm • OPRD 
LD ⇒ OPRD opm OPRD • 
LD ⇒ • OPRD 
LD ⇒ OPRD • 
OPRD ⇒ • id 
OPRD ⇒ id • 
OPRD ⇒ • num 
OPRD ⇒ num • 
COND ⇒ • CAB CP 
COND ⇒ CAB • CP 
COND ⇒ CAB CP • 
CAB ⇒ • se ( EXP_R ) entao 
CAB ⇒ se • ( EXP_R ) entao 
CAB ⇒ se ( • EXP_R ) entao 
CAB ⇒ se ( EXP_R • ) entao 
CAB ⇒ se ( EXP_R ) • entao 
CAB ⇒ se ( EXP_R ) entao • 
EXP_R ⇒ • OPRD opr OPRD 
EXP_R ⇒ OPRD • opr OPRD 
EXP_R ⇒ OPRD opr • OPRD 
EXP_R ⇒ OPRD opr OPRD • 
CP ⇒ • ES CP 
CP ⇒ ES • CP 
CP ⇒ ES CP • 
CP ⇒ • CMD CP 
CP ⇒ CMD • CP 
CP ⇒ CMD CP • 
CP ⇒ • COND CP 
CP ⇒ COND • CP 
CP ⇒ COND CP • 
CP ⇒ • fimse 
CP ⇒ fimse • 
R ⇒ • repita ( EXP_R ) CP_R 
R ⇒ repita • ( EXP_R ) CP_R 
R ⇒ repita ( • EXP_R ) CP_R 
R ⇒ repita ( EXP_R • ) CP_R 
R ⇒ repita ( EXP_R ) • CP_R 
R ⇒ repita ( EXP_R ) CP_R • 
CP_R ⇒ • ES CP_R 
CP_R ⇒ ES • CP_R 
CP_R ⇒ ES CP_R • 
CP_R ⇒ • CMD CP_R 
CP_R ⇒ CMD • CP_R 
CP_R ⇒ CMD CP_R • 
CP_R ⇒ • COND CP_R 
CP_R ⇒ COND • CP_R 
CP_R ⇒ COND CP_R • 
CP_R ⇒ • fimrepita 
CP_R ⇒ fimrepita • 

LR0 automata:
State 0:
P' ⇒ • P 
---------------
P ⇒ • inicio V A 
Transitions: 
P ---> 1
inicio ---> 2

State 1:
P' ⇒ P • 
---------------

State 2:
P ⇒ inicio • V A 
---------------
V ⇒ • varinicio LV 
Transitions: 
V ---> 3
varinicio ---> 4

State 3:
P ⇒ inicio V • A 
---------------
A ⇒ • ES A 
A ⇒ • CMD A 
A ⇒ • COND A 
A ⇒ • R A 
A ⇒ • fim 
ES ⇒ • leia id pt_v 
ES ⇒ • escreva ARG pt_v 
CMD ⇒ • id rcb LD pt_v 
COND ⇒ • CAB CP 
CAB ⇒ • se ( EXP_R ) entao 
R ⇒ • repita ( EXP_R ) CP_R 
Transitions: 
A ---> 5
id ---> 6
ES ---> 7
CMD ---> 8
COND ---> 9
R ---> 10
fim ---> 11
leia ---> 12
escreva ---> 13
CAB ---> 14
se ---> 15
repita ---> 16

State 4:
V ⇒ varinicio • LV 
---------------
LV ⇒ • D LV 
LV ⇒ • varfim pt_v 
D ⇒ • TIPO L pt_v 
TIPO ⇒ • inteiro 
TIPO ⇒ • real 
TIPO ⇒ • literal 
Transitions: 
D ---> 17
LV ---> 18
varfim ---> 19
TIPO ---> 20
inteiro ---> 21
real ---> 22
literal ---> 23

State 5:
P ⇒ inicio V A • 
---------------

State 6:
CMD ⇒ id • rcb LD pt_v 
---------------
Transitions: 
rcb ---> 24

State 7:
A ⇒ ES • A 
---------------
A ⇒ • ES A 
A ⇒ • CMD A 
A ⇒ • COND A 
A ⇒ • R A 
A ⇒ • fim 
ES ⇒ • leia id pt_v 
ES ⇒ • escreva ARG pt_v 
CMD ⇒ • id rcb LD pt_v 
COND ⇒ • CAB CP 
CAB ⇒ • se ( EXP_R ) entao 
R ⇒ • repita ( EXP_R ) CP_R 
Transitions: 
A ---> 25
id ---> 6
ES ---> 7
CMD ---> 8
COND ---> 9
R ---> 10
fim ---> 11
leia ---> 12
escreva ---> 13
CAB ---> 14
se ---> 15
repita ---> 16

State 8:
A ⇒ CMD • A 
---------------
A ⇒ • ES A 
A ⇒ • CMD A 
A ⇒ • COND A 
A ⇒ • R A 
A ⇒ • fim 
ES ⇒ • leia id pt_v 
ES ⇒ • escreva ARG pt_v 
CMD ⇒ • id rcb LD pt_v 
COND ⇒ • CAB CP 
CAB ⇒ • se ( EXP_R ) entao 
R ⇒ • repita ( EXP_R ) CP_R 
Transitions: 
A ---> 26
id ---> 6
ES ---> 7
CMD ---> 8
COND ---> 9
R ---> 10
fim ---> 11
leia ---> 12
escreva ---> 13
CAB ---> 14
se ---> 15
repita ---> 16

State 9:
A ⇒ COND • A 
---------------
A ⇒ • ES A 
A ⇒ • CMD A 
A ⇒ • COND A 
A ⇒ • R A 
A ⇒ • fim 
ES ⇒ • leia id pt_v 
ES ⇒ • escreva ARG pt_v 
CMD ⇒ • id rcb LD pt_v 
COND ⇒ • CAB CP 
CAB ⇒ • se ( EXP_R ) entao 
R ⇒ • repita ( EXP_R ) CP_R 
Transitions: 
A ---> 27
id ---> 6
ES ---> 7
CMD ---> 8
COND ---> 9
R ---> 10
fim ---> 11
leia ---> 12
escreva ---> 13
CAB ---> 14
se ---> 15
repita ---> 16

State 10:
A ⇒ R • A 
---------------
A ⇒ • ES A 
A ⇒ • CMD A 
A ⇒ • COND A 
A ⇒ • R A 
A ⇒ • fim 
ES ⇒ • leia id pt_v 
ES ⇒ • escreva ARG pt_v 
CMD ⇒ • id rcb LD pt_v 
COND ⇒ • CAB CP 
CAB ⇒ • se ( EXP_R ) entao 
R ⇒ • repita ( EXP_R ) CP_R 
Transitions: 
A ---> 28
id ---> 6
ES ---> 7
CMD ---> 8
COND ---> 9
R ---> 10
fim ---> 11
leia ---> 12
escreva ---> 13
CAB ---> 14
se ---> 15
repita ---> 16

State 11:
A ⇒ fim • 
---------------

State 12:
ES ⇒ leia • id pt_v 
---------------
Transitions: 
id ---> 29

State 13:
ES ⇒ escreva • ARG pt_v 
---------------
ARG ⇒ • lit 
ARG ⇒ • num 
ARG ⇒ • id 
Transitions: 
id ---> 30
ARG ---> 31
lit ---> 32
num ---> 33

State 14:
COND ⇒ CAB • CP 
---------------
ES ⇒ • leia id pt_v 
ES ⇒ • escreva ARG pt_v 
CMD ⇒ • id rcb LD pt_v 
COND ⇒ • CAB CP 
CAB ⇒ • se ( EXP_R ) entao 
CP ⇒ • ES CP 
CP ⇒ • CMD CP 
CP ⇒ • COND CP 
CP ⇒ • fimse 
Transitions: 
id ---> 6
ES ---> 34
CMD ---> 35
COND ---> 36
leia ---> 12
escreva ---> 13
CAB ---> 14
CP ---> 37
se ---> 15
fimse ---> 38

State 15:
CAB ⇒ se • ( EXP_R ) entao 
---------------
Transitions: 
( ---> 39

State 16:
R ⇒ repita • ( EXP_R ) CP_R 
---------------
Transitions: 
( ---> 40

State 17:
LV ⇒ D • LV 
---------------
LV ⇒ • D LV 
LV ⇒ • varfim pt_v 
D ⇒ • TIPO L pt_v 
TIPO ⇒ • inteiro 
TIPO ⇒ • real 
TIPO ⇒ • literal 
Transitions: 
D ---> 17
LV ---> 41
varfim ---> 19
TIPO ---> 20
inteiro ---> 21
real ---> 22
literal ---> 23

State 18:
V ⇒ varinicio LV • 
---------------

State 19:
LV ⇒ varfim • pt_v 
---------------
Transitions: 
pt_v ---> 42

State 20:
D ⇒ TIPO • L pt_v 
---------------
L ⇒ • id vir L 
L ⇒ • id 
Transitions: 
L ---> 43
id ---> 44

State 21:
TIPO ⇒ inteiro • 
---------------

State 22:
TIPO ⇒ real • 
---------------

State 23:
TIPO ⇒ literal • 
---------------

State 24:
CMD ⇒ id rcb • LD pt_v 
---------------
LD ⇒ • OPRD opm OPRD 
LD ⇒ • OPRD 
OPRD ⇒ • id 
OPRD ⇒ • num 
Transitions: 
id ---> 45
num ---> 46
LD ---> 47
OPRD ---> 48

State 25:
A ⇒ ES A • 
---------------

State 26:
A ⇒ CMD A • 
---------------

State 27:
A ⇒ COND A • 
---------------

State 28:
A ⇒ R A • 
---------------

State 29:
ES ⇒ leia id • pt_v 
---------------
Transitions: 
pt_v ---> 49

State 30:
ARG ⇒ id • 
---------------

State 31:
ES ⇒ escreva ARG • pt_v 
---------------
Transitions: 
pt_v ---> 50

State 32:
ARG ⇒ lit • 
---------------

State 33:
ARG ⇒ num • 
---------------

State 34:
CP ⇒ ES • CP 
---------------
ES ⇒ • leia id pt_v 
ES ⇒ • escreva ARG pt_v 
CMD ⇒ • id rcb LD pt_v 
COND ⇒ • CAB CP 
CAB ⇒ • se ( EXP_R ) entao 
CP ⇒ • ES CP 
CP ⇒ • CMD CP 
CP ⇒ • COND CP 
CP ⇒ • fimse 
Transitions: 
id ---> 6
ES ---> 34
CMD ---> 35
COND ---> 36
leia ---> 12
escreva ---> 13
CAB ---> 14
CP ---> 51
se ---> 15
fimse ---> 38

State 35:
CP ⇒ CMD • CP 
---------------
ES ⇒ • leia id pt_v 
ES ⇒ • escreva ARG pt_v 
CMD ⇒ • id rcb LD pt_v 
COND ⇒ • CAB CP 
CAB ⇒ • se ( EXP_R ) entao 
CP ⇒ • ES CP 
CP ⇒ • CMD CP 
CP ⇒ • COND CP 
CP ⇒ • fimse 
Transitions: 
id ---> 6
ES ---> 34
CMD ---> 35
COND ---> 36
leia ---> 12
escreva ---> 13
CAB ---> 14
CP ---> 52
se ---> 15
fimse ---> 38

State 36:
CP ⇒ COND • CP 
---------------
ES ⇒ • leia id pt_v 
ES ⇒ • escreva ARG pt_v 
CMD ⇒ • id rcb LD pt_v 
COND ⇒ • CAB CP 
CAB ⇒ • se ( EXP_R ) entao 
CP ⇒ • ES CP 
CP ⇒ • CMD CP 
CP ⇒ • COND CP 
CP ⇒ • fimse 
Transitions: 
id ---> 6
ES ---> 34
CMD ---> 35
COND ---> 36
leia ---> 12
escreva ---> 13
CAB ---> 14
CP ---> 53
se ---> 15
fimse ---> 38

State 37:
COND ⇒ CAB CP • 
---------------

State 38:
CP ⇒ fimse • 
---------------

State 39:
CAB ⇒ se ( • EXP_R ) entao 
---------------
OPRD ⇒ • id 
OPRD ⇒ • num 
EXP_R ⇒ • OPRD opr OPRD 
Transitions: 
id ---> 45
num ---> 46
OPRD ---> 54
EXP_R ---> 55

State 40:
R ⇒ repita ( • EXP_R ) CP_R 
---------------
OPRD ⇒ • id 
OPRD ⇒ • num 
EXP_R ⇒ • OPRD opr OPRD 
Transitions: 
id ---> 45
num ---> 46
OPRD ---> 54
EXP_R ---> 56

State 41:
LV ⇒ D LV • 
---------------

State 42:
LV ⇒ varfim pt_v • 
---------------

State 43:
D ⇒ TIPO L • pt_v 
---------------
Transitions: 
pt_v ---> 57

State 44:
L ⇒ id • vir L 
L ⇒ id • 
---------------
Transitions: 
vir ---> 58

State 45:
OPRD ⇒ id • 
---------------

State 46:
OPRD ⇒ num • 
---------------

State 47:
CMD ⇒ id rcb LD • pt_v 
---------------
Transitions: 
pt_v ---> 59

State 48:
LD ⇒ OPRD • opm OPRD 
LD ⇒ OPRD • 
---------------
Transitions: 
opm ---> 60

State 49:
ES ⇒ leia id pt_v • 
---------------

State 50:
ES ⇒ escreva ARG pt_v • 
---------------

State 51:
CP ⇒ ES CP • 
---------------

State 52:
CP ⇒ CMD CP • 
---------------

State 53:
CP ⇒ COND CP • 
---------------

State 54:
EXP_R ⇒ OPRD • opr OPRD 
---------------
Transitions: 
opr ---> 61

State 55:
CAB ⇒ se ( EXP_R • ) entao 
---------------
Transitions: 
) ---> 62

State 56:
R ⇒ repita ( EXP_R • ) CP_R 
---------------
Transitions: 
) ---> 63

State 57:
D ⇒ TIPO L pt_v • 
---------------

State 58:
L ⇒ id vir • L 
---------------
L ⇒ • id vir L 
L ⇒ • id 
Transitions: 
L ---> 64
id ---> 44

State 59:
CMD ⇒ id rcb LD pt_v • 
---------------

State 60:
LD ⇒ OPRD opm • OPRD 
---------------
OPRD ⇒ • id 
OPRD ⇒ • num 
Transitions: 
id ---> 45
num ---> 46
OPRD ---> 65

State 61:
EXP_R ⇒ OPRD opr • OPRD 
---------------
OPRD ⇒ • id 
OPRD ⇒ • num 
Transitions: 
id ---> 45
num ---> 46
OPRD ---> 66

State 62:
CAB ⇒ se ( EXP_R ) • entao 
---------------
Transitions: 
entao ---> 67

State 63:
R ⇒ repita ( EXP_R ) • CP_R 
---------------
ES ⇒ • leia id pt_v 
ES ⇒ • escreva ARG pt_v 
CMD ⇒ • id rcb LD pt_v 
COND ⇒ • CAB CP 
CAB ⇒ • se ( EXP_R ) entao 
CP_R ⇒ • ES CP_R 
CP_R ⇒ • CMD CP_R 
CP_R ⇒ • COND CP_R 
CP_R ⇒ • fimrepita 
Transitions: 
id ---> 6
ES ---> 68
CMD ---> 69
COND ---> 70
leia ---> 12
escreva ---> 13
CAB ---> 14
se ---> 15
CP_R ---> 71
fimrepita ---> 72

State 64:
L ⇒ id vir L • 
---------------

State 65:
LD ⇒ OPRD opm OPRD • 
---------------

State 66:
EXP_R ⇒ OPRD opr OPRD • 
---------------

State 67:
CAB ⇒ se ( EXP_R ) entao • 
---------------

State 68:
CP_R ⇒ ES • CP_R 
---------------
ES ⇒ • leia id pt_v 
ES ⇒ • escreva ARG pt_v 
CMD ⇒ • id rcb LD pt_v 
COND ⇒ • CAB CP 
CAB ⇒ • se ( EXP_R ) entao 
CP_R ⇒ • ES CP_R 
CP_R ⇒ • CMD CP_R 
CP_R ⇒ • COND CP_R 
CP_R ⇒ • fimrepita 
Transitions: 
id ---> 6
ES ---> 68
CMD ---> 69
COND ---> 70
leia ---> 12
escreva ---> 13
CAB ---> 14
se ---> 15
CP_R ---> 73
fimrepita ---> 72

State 69:
CP_R ⇒ CMD • CP_R 
---------------
ES ⇒ • leia id pt_v 
ES ⇒ • escreva ARG pt_v 
CMD ⇒ • id rcb LD pt_v 
COND ⇒ • CAB CP 
CAB ⇒ • se ( EXP_R ) entao 
CP_R ⇒ • ES CP_R 
CP_R ⇒ • CMD CP_R 
CP_R ⇒ • COND CP_R 
CP_R ⇒ • fimrepita 
Transitions: 
id ---> 6
ES ---> 68
CMD ---> 69
COND ---> 70
leia ---> 12
escreva ---> 13
CAB ---> 14
se ---> 15
CP_R ---> 74
fimrepita ---> 72

State 70:
CP_R ⇒ COND • CP_R 
---------------
ES ⇒ • leia id pt_v 
ES ⇒ • escreva ARG pt_v 
CMD ⇒ • id rcb LD pt_v 
COND ⇒ • CAB CP 
CAB ⇒ • se ( EXP_R ) entao 
CP_R ⇒ • ES CP_R 
CP_R ⇒ • CMD CP_R 
CP_R ⇒ • COND CP_R 
CP_R ⇒ • fimrepita 
Transitions: 
id ---> 6
ES ---> 68
CMD ---> 69
COND ---> 70
leia ---> 12
escreva ---> 13
CAB ---> 14
se ---> 15
CP_R ---> 75
fimrepita ---> 72

State 71:
R ⇒ repita ( EXP_R ) CP_R • 
---------------

State 72:
CP_R ⇒ fimrepita • 
---------------

State 73:
CP_R ⇒ ES CP_R • 
---------------

State 74:
CP_R ⇒ CMD CP_R • 
---------------

State 75:
CP_R ⇒ COND CP_R • 
---------------

